2024-12-21T14:03:52.329+03:00  INFO 15092 --- [Daily Notepad] [restartedMain] c.e.d.DailyNotepadApplication            : Starting DailyNotepadApplication using Java 17.0.11 with PID 15092 (C:\Users\Рамис\Desktop\Pet проекты\Pet проект №1(Блокнот)\target\classes started by Рамис in C:\Users\Рамис\Desktop\Pet проекты\Pet проект №1(Блокнот))
2024-12-21T14:03:52.339+03:00 DEBUG 15092 --- [Daily Notepad] [restartedMain] c.e.d.DailyNotepadApplication            : Running with Spring Boot v3.3.5, Spring v6.1.14
2024-12-21T14:03:52.339+03:00  INFO 15092 --- [Daily Notepad] [restartedMain] c.e.d.DailyNotepadApplication            : No active profile set, falling back to 1 default profile: "default"
2024-12-21T14:03:52.442+03:00  INFO 15092 --- [Daily Notepad] [restartedMain] .e.DevToolsPropertyDefaultsPostProcessor : Devtools property defaults active! Set 'spring.devtools.add-properties' to 'false' to disable
2024-12-21T14:03:52.442+03:00  INFO 15092 --- [Daily Notepad] [restartedMain] .e.DevToolsPropertyDefaultsPostProcessor : For additional web related logging consider setting the 'logging.level.web' property to 'DEBUG'
2024-12-21T14:03:53.507+03:00  INFO 15092 --- [Daily Notepad] [restartedMain] .s.d.r.c.RepositoryConfigurationDelegate : Bootstrapping Spring Data JPA repositories in DEFAULT mode.
2024-12-21T14:03:53.587+03:00  INFO 15092 --- [Daily Notepad] [restartedMain] .s.d.r.c.RepositoryConfigurationDelegate : Finished Spring Data repository scanning in 65 ms. Found 1 JPA repository interface.
2024-12-21T14:03:54.477+03:00  INFO 15092 --- [Daily Notepad] [restartedMain] o.s.b.w.embedded.tomcat.TomcatWebServer  : Tomcat initialized with port 8080 (http)
2024-12-21T14:03:54.489+03:00  INFO 15092 --- [Daily Notepad] [restartedMain] o.apache.catalina.core.StandardService   : Starting service [Tomcat]
2024-12-21T14:03:54.489+03:00  INFO 15092 --- [Daily Notepad] [restartedMain] o.apache.catalina.core.StandardEngine    : Starting Servlet engine: [Apache Tomcat/10.1.31]
2024-12-21T14:03:54.583+03:00  INFO 15092 --- [Daily Notepad] [restartedMain] o.a.c.c.C.[Tomcat].[localhost].[/]       : Initializing Spring embedded WebApplicationContext
2024-12-21T14:03:54.583+03:00  INFO 15092 --- [Daily Notepad] [restartedMain] w.s.c.ServletWebServerApplicationContext : Root WebApplicationContext: initialization completed in 2141 ms
2024-12-21T14:03:54.702+03:00  INFO 15092 --- [Daily Notepad] [restartedMain] com.zaxxer.hikari.HikariDataSource       : HikariPool-1 - Starting...
2024-12-21T14:03:55.030+03:00  INFO 15092 --- [Daily Notepad] [restartedMain] com.zaxxer.hikari.pool.HikariPool        : HikariPool-1 - Added connection org.postgresql.jdbc.PgConnection@437f71d5
2024-12-21T14:03:55.030+03:00  INFO 15092 --- [Daily Notepad] [restartedMain] com.zaxxer.hikari.HikariDataSource       : HikariPool-1 - Start completed.
2024-12-21T14:03:55.150+03:00  INFO 15092 --- [Daily Notepad] [restartedMain] o.hibernate.jpa.internal.util.LogHelper  : HHH000204: Processing PersistenceUnitInfo [name: default]
2024-12-21T14:03:55.250+03:00  INFO 15092 --- [Daily Notepad] [restartedMain] org.hibernate.Version                    : HHH000412: Hibernate ORM core version 6.5.3.Final
2024-12-21T14:03:55.327+03:00  INFO 15092 --- [Daily Notepad] [restartedMain] o.h.c.internal.RegionFactoryInitiator    : HHH000026: Second-level cache disabled
2024-12-21T14:03:55.872+03:00  INFO 15092 --- [Daily Notepad] [restartedMain] o.s.o.j.p.SpringPersistenceUnitInfo      : No LoadTimeWeaver setup: ignoring JPA class transformer
2024-12-21T14:03:57.180+03:00  INFO 15092 --- [Daily Notepad] [restartedMain] o.h.e.t.j.p.i.JtaPlatformInitiator       : HHH000489: No JTA platform available (set 'hibernate.transaction.jta.platform' to enable JTA platform integration)
2024-12-21T14:03:57.290+03:00  INFO 15092 --- [Daily Notepad] [restartedMain] j.LocalContainerEntityManagerFactoryBean : Initialized JPA EntityManagerFactory for persistence unit 'default'
2024-12-21T14:03:57.700+03:00  WARN 15092 --- [Daily Notepad] [restartedMain] JpaBaseConfiguration$JpaWebConfiguration : spring.jpa.open-in-view is enabled by default. Therefore, database queries may be performed during view rendering. Explicitly configure spring.jpa.open-in-view to disable this warning
2024-12-21T14:03:57.820+03:00 DEBUG 15092 --- [Daily Notepad] [restartedMain] s.w.s.m.m.a.RequestMappingHandlerMapping : 8 mappings in 'requestMappingHandlerMapping'
2024-12-21T14:03:57.930+03:00 DEBUG 15092 --- [Daily Notepad] [restartedMain] o.s.w.s.handler.SimpleUrlHandlerMapping  : Patterns [/webjars/**, /**] in 'resourceHandlerMapping'
2024-12-21T14:03:57.970+03:00 DEBUG 15092 --- [Daily Notepad] [restartedMain] s.w.s.m.m.a.RequestMappingHandlerAdapter : ControllerAdvice beans: 0 @ModelAttribute, 0 @InitBinder, 1 RequestBodyAdvice, 1 ResponseBodyAdvice
2024-12-21T14:03:58.030+03:00 DEBUG 15092 --- [Daily Notepad] [restartedMain] .m.m.a.ExceptionHandlerExceptionResolver : ControllerAdvice beans: 1 @ExceptionHandler, 1 ResponseBodyAdvice
2024-12-21T14:03:58.180+03:00  INFO 15092 --- [Daily Notepad] [restartedMain] o.s.b.d.a.OptionalLiveReloadServer       : LiveReload server is running on port 35729
2024-12-21T14:03:58.220+03:00  INFO 15092 --- [Daily Notepad] [restartedMain] o.s.b.w.embedded.tomcat.TomcatWebServer  : Tomcat started on port 8080 (http) with context path '/'
2024-12-21T14:03:58.240+03:00  INFO 15092 --- [Daily Notepad] [restartedMain] c.e.d.DailyNotepadApplication            : Started DailyNotepadApplication in 6.665 seconds (process running for 7.619)
2024-12-21T14:04:47.273+03:00  INFO 15092 --- [Daily Notepad] [http-nio-8080-exec-1] o.a.c.c.C.[Tomcat].[localhost].[/]       : Initializing Spring DispatcherServlet 'dispatcherServlet'
2024-12-21T14:04:47.273+03:00  INFO 15092 --- [Daily Notepad] [http-nio-8080-exec-1] o.s.web.servlet.DispatcherServlet        : Initializing Servlet 'dispatcherServlet'
2024-12-21T14:04:47.273+03:00 DEBUG 15092 --- [Daily Notepad] [http-nio-8080-exec-1] o.s.web.servlet.DispatcherServlet        : Detected StandardServletMultipartResolver
2024-12-21T14:04:47.273+03:00 DEBUG 15092 --- [Daily Notepad] [http-nio-8080-exec-1] o.s.web.servlet.DispatcherServlet        : Detected AcceptHeaderLocaleResolver
2024-12-21T14:04:47.273+03:00 DEBUG 15092 --- [Daily Notepad] [http-nio-8080-exec-1] o.s.web.servlet.DispatcherServlet        : Detected FixedThemeResolver
2024-12-21T14:04:47.273+03:00 DEBUG 15092 --- [Daily Notepad] [http-nio-8080-exec-1] o.s.web.servlet.DispatcherServlet        : Detected org.springframework.web.servlet.view.DefaultRequestToViewNameTranslator@384c09e
2024-12-21T14:04:47.273+03:00 DEBUG 15092 --- [Daily Notepad] [http-nio-8080-exec-1] o.s.web.servlet.DispatcherServlet        : Detected org.springframework.web.servlet.support.SessionFlashMapManager@6094f60e
2024-12-21T14:04:47.273+03:00 DEBUG 15092 --- [Daily Notepad] [http-nio-8080-exec-1] o.s.web.servlet.DispatcherServlet        : enableLoggingRequestDetails='false': request parameters and headers will be masked to prevent unsafe logging of potentially sensitive data
2024-12-21T14:04:47.273+03:00  INFO 15092 --- [Daily Notepad] [http-nio-8080-exec-1] o.s.web.servlet.DispatcherServlet        : Completed initialization in 0 ms
2024-12-21T14:04:47.293+03:00 DEBUG 15092 --- [Daily Notepad] [http-nio-8080-exec-1] o.s.web.servlet.DispatcherServlet        : GET "/tasks", parameters={}
2024-12-21T14:04:47.323+03:00 DEBUG 15092 --- [Daily Notepad] [http-nio-8080-exec-1] s.w.s.m.m.a.RequestMappingHandlerMapping : Mapped to com.example.daily_notepad.TaskController#getAllTasks(Model)
2024-12-21T14:04:47.703+03:00 DEBUG 15092 --- [Daily Notepad] [http-nio-8080-exec-1] o.s.w.s.v.ContentNegotiatingViewResolver : Selected 'text/html' given [text/html, application/xhtml+xml, application/xml;q=0.9, */*;q=0.8]
2024-12-21T14:04:48.333+03:00 DEBUG 15092 --- [Daily Notepad] [http-nio-8080-exec-1] o.s.web.servlet.DispatcherServlet        : Completed 200 OK
2024-12-21T14:04:48.413+03:00 DEBUG 15092 --- [Daily Notepad] [http-nio-8080-exec-2] o.s.web.servlet.DispatcherServlet        : GET "/favicon.ico", parameters={}
2024-12-21T14:04:48.423+03:00 DEBUG 15092 --- [Daily Notepad] [http-nio-8080-exec-2] o.s.w.s.handler.SimpleUrlHandlerMapping  : Mapped to ResourceHttpRequestHandler [classpath [META-INF/resources/], classpath [resources/], classpath [static/], classpath [public/], ServletContext [/]]
2024-12-21T14:04:48.453+03:00 DEBUG 15092 --- [Daily Notepad] [http-nio-8080-exec-2] o.s.web.servlet.DispatcherServlet        : Completed 200 OK
2024-12-21T14:04:49.073+03:00 DEBUG 15092 --- [Daily Notepad] [http-nio-8080-exec-3] o.s.web.servlet.DispatcherServlet        : GET "/tasks", parameters={}
2024-12-21T14:04:49.073+03:00 DEBUG 15092 --- [Daily Notepad] [http-nio-8080-exec-3] s.w.s.m.m.a.RequestMappingHandlerMapping : Mapped to com.example.daily_notepad.TaskController#getAllTasks(Model)
2024-12-21T14:04:49.083+03:00 DEBUG 15092 --- [Daily Notepad] [http-nio-8080-exec-3] o.s.w.s.v.ContentNegotiatingViewResolver : Selected 'text/html' given [text/html, application/xhtml+xml, application/xml;q=0.9, */*;q=0.8]
2024-12-21T14:04:49.093+03:00 DEBUG 15092 --- [Daily Notepad] [http-nio-8080-exec-3] o.s.web.servlet.DispatcherServlet        : Completed 200 OK
2024-12-21T14:06:07.509+03:00  INFO 15092 --- [Daily Notepad] [SpringApplicationShutdownHook] j.LocalContainerEntityManagerFactoryBean : Closing JPA EntityManagerFactory for persistence unit 'default'
2024-12-21T14:06:07.519+03:00  INFO 15092 --- [Daily Notepad] [SpringApplicationShutdownHook] com.zaxxer.hikari.HikariDataSource       : HikariPool-1 - Shutdown initiated...
2024-12-21T14:06:07.530+03:00  INFO 15092 --- [Daily Notepad] [SpringApplicationShutdownHook] com.zaxxer.hikari.HikariDataSource       : HikariPool-1 - Shutdown completed.
2024-12-21T14:20:37.244+03:00  INFO 13356 --- [Daily Notepad] [restartedMain] c.e.d.DailyNotepadApplication            : Starting DailyNotepadApplication using Java 17.0.11 with PID 13356 (C:\Users\Рамис\Desktop\Pet проекты\Pet проект №1(Блокнот)\target\classes started by Рамис in C:\Users\Рамис\Desktop\Pet проекты\Pet проект №1(Блокнот))
2024-12-21T14:20:37.245+03:00 DEBUG 13356 --- [Daily Notepad] [restartedMain] c.e.d.DailyNotepadApplication            : Running with Spring Boot v3.3.5, Spring v6.1.14
2024-12-21T14:20:37.245+03:00  INFO 13356 --- [Daily Notepad] [restartedMain] c.e.d.DailyNotepadApplication            : No active profile set, falling back to 1 default profile: "default"
2024-12-21T14:20:37.325+03:00  INFO 13356 --- [Daily Notepad] [restartedMain] .e.DevToolsPropertyDefaultsPostProcessor : Devtools property defaults active! Set 'spring.devtools.add-properties' to 'false' to disable
2024-12-21T14:20:37.325+03:00  INFO 13356 --- [Daily Notepad] [restartedMain] .e.DevToolsPropertyDefaultsPostProcessor : For additional web related logging consider setting the 'logging.level.web' property to 'DEBUG'
2024-12-21T14:20:38.311+03:00  INFO 13356 --- [Daily Notepad] [restartedMain] .s.d.r.c.RepositoryConfigurationDelegate : Bootstrapping Spring Data JPA repositories in DEFAULT mode.
2024-12-21T14:20:38.391+03:00  INFO 13356 --- [Daily Notepad] [restartedMain] .s.d.r.c.RepositoryConfigurationDelegate : Finished Spring Data repository scanning in 62 ms. Found 1 JPA repository interface.
2024-12-21T14:20:39.203+03:00  INFO 13356 --- [Daily Notepad] [restartedMain] o.s.b.w.embedded.tomcat.TomcatWebServer  : Tomcat initialized with port 8080 (http)
2024-12-21T14:20:39.223+03:00  INFO 13356 --- [Daily Notepad] [restartedMain] o.apache.catalina.core.StandardService   : Starting service [Tomcat]
2024-12-21T14:20:39.223+03:00  INFO 13356 --- [Daily Notepad] [restartedMain] o.apache.catalina.core.StandardEngine    : Starting Servlet engine: [Apache Tomcat/10.1.31]
2024-12-21T14:20:39.305+03:00  INFO 13356 --- [Daily Notepad] [restartedMain] o.a.c.c.C.[Tomcat].[localhost].[/]       : Initializing Spring embedded WebApplicationContext
2024-12-21T14:20:39.305+03:00  INFO 13356 --- [Daily Notepad] [restartedMain] w.s.c.ServletWebServerApplicationContext : Root WebApplicationContext: initialization completed in 1970 ms
2024-12-21T14:20:39.422+03:00  INFO 13356 --- [Daily Notepad] [restartedMain] com.zaxxer.hikari.HikariDataSource       : HikariPool-1 - Starting...
2024-12-21T14:20:39.675+03:00  INFO 13356 --- [Daily Notepad] [restartedMain] com.zaxxer.hikari.pool.HikariPool        : HikariPool-1 - Added connection org.postgresql.jdbc.PgConnection@598fa0a2
2024-12-21T14:20:39.675+03:00  INFO 13356 --- [Daily Notepad] [restartedMain] com.zaxxer.hikari.HikariDataSource       : HikariPool-1 - Start completed.
2024-12-21T14:20:39.775+03:00  INFO 13356 --- [Daily Notepad] [restartedMain] o.hibernate.jpa.internal.util.LogHelper  : HHH000204: Processing PersistenceUnitInfo [name: default]
2024-12-21T14:20:39.860+03:00  INFO 13356 --- [Daily Notepad] [restartedMain] org.hibernate.Version                    : HHH000412: Hibernate ORM core version 6.5.3.Final
2024-12-21T14:20:39.908+03:00  INFO 13356 --- [Daily Notepad] [restartedMain] o.h.c.internal.RegionFactoryInitiator    : HHH000026: Second-level cache disabled
2024-12-21T14:20:40.353+03:00  INFO 13356 --- [Daily Notepad] [restartedMain] o.s.o.j.p.SpringPersistenceUnitInfo      : No LoadTimeWeaver setup: ignoring JPA class transformer
2024-12-21T14:20:41.553+03:00  INFO 13356 --- [Daily Notepad] [restartedMain] o.h.e.t.j.p.i.JtaPlatformInitiator       : HHH000489: No JTA platform available (set 'hibernate.transaction.jta.platform' to enable JTA platform integration)
2024-12-21T14:20:41.624+03:00  INFO 13356 --- [Daily Notepad] [restartedMain] j.LocalContainerEntityManagerFactoryBean : Initialized JPA EntityManagerFactory for persistence unit 'default'
2024-12-21T14:20:41.944+03:00  WARN 13356 --- [Daily Notepad] [restartedMain] JpaBaseConfiguration$JpaWebConfiguration : spring.jpa.open-in-view is enabled by default. Therefore, database queries may be performed during view rendering. Explicitly configure spring.jpa.open-in-view to disable this warning
2024-12-21T14:20:42.054+03:00 DEBUG 13356 --- [Daily Notepad] [restartedMain] s.w.s.m.m.a.RequestMappingHandlerMapping : 8 mappings in 'requestMappingHandlerMapping'
2024-12-21T14:20:42.174+03:00 DEBUG 13356 --- [Daily Notepad] [restartedMain] o.s.w.s.handler.SimpleUrlHandlerMapping  : Patterns [/webjars/**, /**] in 'resourceHandlerMapping'
2024-12-21T14:20:42.214+03:00 DEBUG 13356 --- [Daily Notepad] [restartedMain] s.w.s.m.m.a.RequestMappingHandlerAdapter : ControllerAdvice beans: 0 @ModelAttribute, 0 @InitBinder, 1 RequestBodyAdvice, 1 ResponseBodyAdvice
2024-12-21T14:20:42.254+03:00 DEBUG 13356 --- [Daily Notepad] [restartedMain] .m.m.a.ExceptionHandlerExceptionResolver : ControllerAdvice beans: 1 @ExceptionHandler, 1 ResponseBodyAdvice
2024-12-21T14:20:42.444+03:00  INFO 13356 --- [Daily Notepad] [restartedMain] o.s.b.d.a.OptionalLiveReloadServer       : LiveReload server is running on port 35729
2024-12-21T14:20:42.484+03:00  INFO 13356 --- [Daily Notepad] [restartedMain] o.s.b.w.embedded.tomcat.TomcatWebServer  : Tomcat started on port 8080 (http) with context path '/'
2024-12-21T14:20:42.504+03:00  INFO 13356 --- [Daily Notepad] [restartedMain] c.e.d.DailyNotepadApplication            : Started DailyNotepadApplication in 6.003 seconds (process running for 6.833)
2024-12-21T14:21:02.740+03:00  INFO 13356 --- [Daily Notepad] [SpringApplicationShutdownHook] j.LocalContainerEntityManagerFactoryBean : Closing JPA EntityManagerFactory for persistence unit 'default'
2024-12-21T14:21:02.740+03:00  INFO 13356 --- [Daily Notepad] [SpringApplicationShutdownHook] com.zaxxer.hikari.HikariDataSource       : HikariPool-1 - Shutdown initiated...
2024-12-21T14:21:02.750+03:00  INFO 13356 --- [Daily Notepad] [SpringApplicationShutdownHook] com.zaxxer.hikari.HikariDataSource       : HikariPool-1 - Shutdown completed.
